-Xajruntimetarget:1.5
-1.8
-encoding
UTF-8
-showWeaveInfo
-source
1.8
-target
1.8
-classpath
/Users/wangxianbin/.m2/repository/org/aspectj/aspectjrt/1.9.19/aspectjrt-1.9.19.jar:/Users/wangxianbin/.m2/repository/org/aspectj/aspectjweaver/1.9.19/aspectjweaver-1.9.19.jar:/Users/wangxianbin/.m2/repository/junit/junit/4.13.2/junit-4.13.2.jar:/Users/wangxianbin/Downloads/毕设2/exception-test-amplifier/target/classes
-d
/Users/wangxianbin/Downloads/毕设2/exception-test-amplifier/target/classes
-s
/Users/wangxianbin/Downloads/毕设2/exception-test-amplifier/target/generated-sources/aspectj-maven-plugin
/Users/wangxianbin/Downloads/毕设2/exception-test-amplifier/src/main/java/edu/unl/exceptionamplifier/util/ExceptionUtils.java
/Users/wangxianbin/Downloads/毕设2/exception-test-amplifier/src/main/java/edu/unl/exceptionamplifier/collector/SequenceCollector.java
/Users/wangxianbin/Downloads/毕设2/exception-test-amplifier/src/main/java/edu/unl/exceptionamplifier/explorer/TestExplorer.java
/Users/wangxianbin/Downloads/毕设2/exception-test-amplifier/src/main/java/edu/unl/exceptionamplifier/mocker/ResourceMocker.java
/Users/wangxianbin/Downloads/毕设2/exception-test-amplifier/src/main/java/edu/unl/exceptionamplifier/model/ApiCall.java
/Users/wangxianbin/Downloads/毕设2/exception-test-amplifier/src/main/java/edu/unl/exceptionamplifier/model/MockingPattern.java
/Users/wangxianbin/Downloads/毕设2/exception-test-amplifier/src/main/java/edu/unl/exceptionamplifier/App.java
/Users/wangxianbin/Downloads/毕设2/exception-test-amplifier/src/main/java/edu/unl/exceptionamplifier/resource/IoFileReaderResource.java
/Users/wangxianbin/Downloads/毕设2/exception-test-amplifier/src/main/java/edu/unl/exceptionamplifier/resource/StockTradingResource.java
/Users/wangxianbin/Downloads/毕设2/exception-test-amplifier/src/main/java/edu/unl/exceptionamplifier/builder/ExceptionalSpaceBuilder.java
